IQ-TREE multicore version 2.2.0 COVID-edition for Windows 64-bit built Jun  1 2022
Developed by Bui Quang Minh, James Barbetti, Nguyen Lam Tung,
Olga Chernomor, Heiko Schmidt, Dominik Schrempf, Michael Woodhams, Ly Trong Nhan.

Host:    DESKTOP-E70VLBF (SSE4.2, 7 GB RAM)
Command: C:\Users\Usuario\Desktop\proyectofinal24\data\iqtree-2.2.0-Windows\bin\iqtree2.exe -s muscle-I20240625-183427-0179-90621313-p1m.aln-fasta -B 1000
Seed:    918512 (Using SPRNG - Scalable Parallel Random Number Generator)
Time:    Tue Jun 25 12:36:12 2024
Kernel:  SSE2 - 1 threads (2 CPU cores detected)

HINT: Use -nt option to specify number of threads because your CPU has 2 cores!
HINT: -nt AUTO will automatically determine the best number of threads to use.

Reading alignment file muscle-I20240625-183427-0179-90621313-p1m.aln-fasta ... Fasta format detected
Reading fasta file: done in 0.0003985 secs
Alignment most likely contains protein sequences
Constructing alignment: done in 0.0025894 secs
Alignment has 5 sequences with 750 columns, 455 distinct patterns
42 parsimony-informative, 428 singleton sites, 280 constant sites
                    Gap/Ambiguity  Composition  p-value
Analyzing sequences: done in 7.16e-05 secs
   1  Rosa_rugosa          17.33%    failed      4.29%
   2  Triticum_urartu      11.47%    passed     99.88%
   3  Argentina_anserina    5.87%    passed     99.94%
   4  Malus_sylvestris      6.13%    passed     99.99%
   5  Prunus_dulcis         6.00%    passed     99.99%
****  TOTAL                 9.36%  1 sequences failed composition chi2 test (p-value<5%; df=19)
Checking for duplicate sequences: done in 0.0002079 secs


Create initial parsimony tree by phylogenetic likelihood library (PLL)... 0.013 seconds
Perform fast likelihood tree search using LG+I+G model...
Estimate model parameters (epsilon = 5.000)
Perform nearest neighbor interchange...
Optimizing NNI: done in 0.12725 secs using 61.39% CPU
Estimate model parameters (epsilon = 1.000)
1. Initial log-likelihood: -5075.824
Optimal log-likelihood: -5074.894
Proportion of invariable sites: 0.119
Gamma shape alpha: 2.681
Parameters optimization took 1 rounds (0.081 sec)
Time for fast ML tree search: 0.435 seconds

NOTE: ModelFinder requires 5 MB RAM!
ModelFinder will test up to 1232 protein models (sample size: 750) ...
 No. Model         -LnL         df  AIC          AICc         BIC
  1  LG            5097.747     7   10209.495    10209.646    10241.835
  2  LG+I          5083.166     8   10182.333    10182.527    10219.293
  3  LG+G4         5070.386     8   10156.771    10156.966    10193.732
  4  LG+I+G4       5071.841     9   10161.682    10161.926    10203.263
  5  LG+R2         5069.829     9   10157.657    10157.900    10199.238
  6  LG+R3         5068.658     11  10159.315    10159.673    10210.136
 14  LG+I+I+R2     5069.250     10  10158.499    10158.797    10204.700
 15  LG+I+I+R3     5068.185     12  10160.369    10160.793    10215.810
 25  LG+F+G4       5045.615     27  10145.229    10147.324    10269.971
 26  LG+F+I+G4     5047.018     28  10150.035    10152.288    10279.397
 27  LG+F+R2       5044.854     28  10145.707    10147.959    10275.069
 47  WAG+G4        5070.508     8   10157.016    10157.211    10193.977
 48  WAG+I+G4      5071.977     9   10161.955    10162.198    10203.536
 49  WAG+R2        5070.862     9   10159.724    10159.967    10201.304
 69  WAG+F+G4      5046.535     27  10147.070    10149.164    10271.812
 70  WAG+F+I+G4    5047.989     28  10151.978    10154.230    10281.340
 71  WAG+F+R2      5046.677     28  10149.355    10151.607    10278.717
 91  JTT+G4        5054.992     8   10125.983    10126.178    10162.944
 92  JTT+I+G4      5056.336     9   10130.672    10130.915    10172.253
 93  JTT+R2        5055.454     9   10128.908    10129.151    10170.488
113  JTT+F+G4      5031.104     27  10116.208    10118.302    10240.950
114  JTT+F+I+G4    5032.489     28  10120.977    10123.230    10250.340
115  JTT+F+R2      5031.527     28  10119.055    10121.307    10248.417
WARNING: Normalizing state frequencies so that sum of them equals to 1
135  Q.pfam+G4     5062.175     8   10140.349    10140.543    10177.310
WARNING: Normalizing state frequencies so that sum of them equals to 1
136  Q.pfam+I+G4   5063.615     9   10145.230    10145.474    10186.811
WARNING: Normalizing state frequencies so that sum of them equals to 1
137  Q.pfam+R2     5061.153     9   10140.307    10140.550    10181.887
WARNING: Normalizing state frequencies so that sum of them equals to 1
157  Q.pfam+F+G4   5044.011     27  10142.022    10144.116    10266.763
WARNING: Normalizing state frequencies so that sum of them equals to 1
158  Q.pfam+F+I+G4 5045.380     28  10146.760    10149.013    10276.122
WARNING: Normalizing state frequencies so that sum of them equals to 1
159  Q.pfam+F+R2   5042.967     28  10141.934    10144.186    10271.296
WARNING: Normalizing state frequencies so that sum of them equals to 1
179  Q.bird+G4     5073.638     8   10163.276    10163.470    10200.236
WARNING: Normalizing state frequencies so that sum of them equals to 1
180  Q.bird+I+G4   5074.946     9   10167.893    10168.136    10209.474
WARNING: Normalizing state frequencies so that sum of them equals to 1
181  Q.bird+R2     5074.700     9   10167.399    10167.643    10208.980
WARNING: Normalizing state frequencies so that sum of them equals to 1
201  Q.bird+F+G4   5052.538     27  10159.076    10161.170    10283.818
WARNING: Normalizing state frequencies so that sum of them equals to 1
202  Q.bird+F+I+G4 5053.898     28  10163.796    10166.048    10293.158
WARNING: Normalizing state frequencies so that sum of them equals to 1
203  Q.bird+F+R2   5053.574     28  10163.149    10165.401    10292.511
WARNING: Normalizing state frequencies so that sum of them equals to 1
223  Q.mammal+G4   5066.490     8   10148.981    10149.175    10185.941
WARNING: Normalizing state frequencies so that sum of them equals to 1
224  Q.mammal+I+G4 5067.866     9   10153.732    10153.976    10195.313
WARNING: Normalizing state frequencies so that sum of them equals to 1
225  Q.mammal+R2   5067.016     9   10152.032    10152.276    10193.613
WARNING: Normalizing state frequencies so that sum of them equals to 1
245  Q.mammal+F+G4 5043.046     27  10140.092    10142.186    10264.834
WARNING: Normalizing state frequencies so that sum of them equals to 1
246  Q.mammal+F+I+G4 5044.455     28  10144.909    10147.162    10274.271
WARNING: Normalizing state frequencies so that sum of them equals to 1
247  Q.mammal+F+R2 5043.501     28  10143.002    10145.254    10272.364
267  Q.insect+G4   5081.059     8   10178.118    10178.312    10215.079
268  Q.insect+I+G4 5082.562     9   10183.123    10183.367    10224.704
269  Q.insect+R2   5080.982     9   10179.964    10180.208    10221.545
289  Q.insect+F+G4 5041.858     27  10137.715    10139.810    10262.457
290  Q.insect+F+I+G4 5043.299     28  10142.598    10144.850    10271.960
291  Q.insect+F+R2 5041.568     28  10139.137    10141.389    10268.499
WARNING: Normalizing state frequencies so that sum of them equals to 1
311  Q.plant+G4    5042.108     8   10100.216    10100.410    10137.176
WARNING: Normalizing state frequencies so that sum of them equals to 1
312  Q.plant+I+G4  5043.494     9   10104.987    10105.230    10146.568
WARNING: Normalizing state frequencies so that sum of them equals to 1
313  Q.plant+R2    5042.681     9   10103.363    10103.606    10144.944
WARNING: Normalizing state frequencies so that sum of them equals to 1
333  Q.plant+F+G4  5031.500     27  10117.001    10119.095    10241.743
WARNING: Normalizing state frequencies so that sum of them equals to 1
334  Q.plant+F+I+G4 5032.955     28  10121.909    10124.162    10251.271
WARNING: Normalizing state frequencies so that sum of them equals to 1
335  Q.plant+F+R2  5031.787     28  10119.574    10121.827    10248.936
WARNING: Normalizing state frequencies so that sum of them equals to 1
355  Q.yeast+G4    5090.042     8   10196.083    10196.278    10233.044
WARNING: Normalizing state frequencies so that sum of them equals to 1
356  Q.yeast+I+G4  5091.527     9   10201.053    10201.297    10242.634
WARNING: Normalizing state frequencies so that sum of them equals to 1
357  Q.yeast+R2    5089.298     9   10196.595    10196.838    10238.176
WARNING: Normalizing state frequencies so that sum of them equals to 1
377  Q.yeast+F+G4  5044.193     27  10142.386    10144.480    10267.127
WARNING: Normalizing state frequencies so that sum of them equals to 1
378  Q.yeast+F+I+G4 5045.608     28  10147.216    10149.468    10276.578
WARNING: Normalizing state frequencies so that sum of them equals to 1
379  Q.yeast+F+R2  5043.447     28  10142.894    10145.146    10272.256
399  JTTDCMut+G4   5057.094     8   10130.188    10130.382    10167.148
400  JTTDCMut+I+G4 5058.444     9   10134.888    10135.131    10176.468
401  JTTDCMut+R2   5057.554     9   10133.107    10133.351    10174.688
421  JTTDCMut+F+G4 5032.555     27  10119.110    10121.204    10243.852
422  JTTDCMut+F+I+G4 5033.948     28  10123.895    10126.148    10253.257
423  JTTDCMut+F+R2 5032.966     28  10121.932    10124.184    10251.294
443  DCMut+G4      5117.903     8   10251.805    10252.000    10288.766
444  DCMut+I+G4    5119.233     9   10256.466    10256.709    10298.047
445  DCMut+R2      5118.533     9   10255.066    10255.310    10296.647
465  DCMut+F+G4    5071.894     27  10197.788    10199.882    10322.530
466  DCMut+F+I+G4  5073.234     28  10202.468    10204.720    10331.830
467  DCMut+F+R2    5072.314     28  10200.628    10202.880    10329.990
487  VT+G4         5067.708     8   10151.416    10151.610    10188.376
488  VT+I+G4       5069.139     9   10156.277    10156.520    10197.858
489  VT+R2         5068.004     9   10154.008    10154.251    10195.589
509  VT+F+G4       5048.098     27  10150.195    10152.290    10274.937
510  VT+F+I+G4     5049.573     28  10155.146    10157.398    10284.508
511  VT+F+R2       5048.358     28  10152.717    10154.969    10282.079
531  PMB+G4        5106.160     8   10228.321    10228.515    10265.282
532  PMB+I+G4      5107.594     9   10233.187    10233.430    10274.768
533  PMB+R2        5106.353     9   10230.706    10230.949    10272.287
553  PMB+F+G4      5081.008     27  10216.015    10218.110    10340.757
554  PMB+F+I+G4    5082.462     28  10220.923    10223.176    10350.285
555  PMB+F+R2      5081.139     28  10218.278    10220.531    10347.640
575  Blosum62+G4   5111.006     8   10238.012    10238.206    10274.972
576  Blosum62+I+G4 5112.422     9   10242.845    10243.088    10284.426
577  Blosum62+R2   5111.157     9   10240.314    10240.558    10281.895
597  Blosum62+F+G4 5083.946     27  10221.891    10223.985    10346.633
598  Blosum62+F+I+G4 5085.374     28  10226.748    10229.001    10356.110
599  Blosum62+F+R2 5084.052     28  10224.104    10226.356    10353.466
619  Dayhoff+G4    5117.944     8   10251.888    10252.082    10288.848
620  Dayhoff+I+G4  5119.270     9   10256.541    10256.784    10298.121
621  Dayhoff+R2    5118.588     9   10255.176    10255.420    10296.757
641  Dayhoff+F+G4  5071.960     27  10197.920    10200.014    10322.662
642  Dayhoff+F+I+G4 5073.296     28  10202.592    10204.844    10331.954
643  Dayhoff+F+R2  5072.394     28  10200.787    10203.040    10330.149
663  mtREV+G4      5338.587     8   10693.174    10693.369    10730.135
664  mtREV+I+G4    5339.985     9   10697.969    10698.213    10739.550
665  mtREV+R2      5340.467     9   10698.935    10699.178    10740.516
685  mtREV+F+G4    5083.577     27  10221.154    10223.249    10345.896
686  mtREV+F+I+G4  5084.913     28  10225.827    10228.079    10355.189
687  mtREV+F+R2    5083.166     28  10222.331    10224.584    10351.693
707  mtART+G4      5372.877     8   10761.753    10761.948    10798.714
708  mtART+I+G4    5374.052     9   10766.103    10766.346    10807.684
709  mtART+R2      5378.283     9   10774.565    10774.809    10816.146
729  mtART+F+G4    5127.796     27  10309.591    10311.685    10434.333
730  mtART+F+I+G4  5129.039     28  10314.078    10316.330    10443.440
731  mtART+F+R2    5131.942     28  10319.884    10322.136    10449.246
751  mtZOA+G4      5283.704     8   10583.409    10583.603    10620.369
752  mtZOA+I+G4    5284.961     9   10587.923    10588.166    10629.503
753  mtZOA+R2      5285.014     9   10588.028    10588.271    10629.609
773  mtZOA+F+G4    5089.507     27  10233.014    10235.108    10357.756
774  mtZOA+F+I+G4  5090.815     28  10237.631    10239.883    10366.993
775  mtZOA+F+R2    5090.594     28  10237.188    10239.441    10366.550
795  mtMet+G4      5350.131     8   10716.261    10716.456    10753.222
796  mtMet+I+G4    5351.358     9   10720.717    10720.960    10762.298
797  mtMet+R2      5350.424     9   10718.848    10719.091    10760.428
817  mtMet+F+G4    5067.333     27  10188.667    10190.761    10313.409
818  mtMet+F+I+G4  5068.643     28  10193.287    10195.539    10322.649
819  mtMet+F+R2    5068.024     28  10192.048    10194.301    10321.410
839  mtVer+G4      5370.291     8   10756.582    10756.776    10793.543
840  mtVer+I+G4    5371.454     9   10760.908    10761.151    10802.488
841  mtVer+R2      5371.810     9   10761.619    10761.863    10803.200
861  mtVer+F+G4    5093.420     27  10240.841    10242.935    10365.583
862  mtVer+F+I+G4  5094.817     28  10245.633    10247.886    10374.995
863  mtVer+F+R2    5095.542     28  10247.084    10249.336    10376.446
883  mtInv+G4      5409.124     8   10834.248    10834.443    10871.209
884  mtInv+I+G4    5410.461     9   10838.923    10839.166    10880.503
885  mtInv+R2      5408.997     9   10835.995    10836.238    10877.575
905  mtInv+F+G4    5062.403     27  10178.806    10180.901    10303.548
906  mtInv+F+I+G4  5063.806     28  10183.611    10185.864    10312.973
907  mtInv+F+R2    5062.576     28  10181.152    10183.404    10310.514
927  mtMAM+G4      5378.430     8   10772.861    10773.055    10809.821
928  mtMAM+I+G4    5379.531     9   10777.063    10777.306    10818.643
929  mtMAM+R2      5386.484     9   10790.968    10791.212    10832.549
949  mtMAM+F+G4    5116.134     27  10286.267    10288.361    10411.009
950  mtMAM+F+I+G4  5117.423     28  10290.847    10293.099    10420.209
951  mtMAM+F+R2    5122.257     28  10300.515    10302.767    10429.877
WARNING: Normalizing state frequencies so that sum of them equals to 1
971  FLAVI+G4      5170.083     8   10356.167    10356.361    10393.127
WARNING: Normalizing state frequencies so that sum of them equals to 1
972  FLAVI+I+G4    5171.351     9   10360.703    10360.946    10402.283
WARNING: Normalizing state frequencies so that sum of them equals to 1
973  FLAVI+R2      5173.616     9   10365.233    10365.476    10406.814
WARNING: Normalizing state frequencies so that sum of them equals to 1
993  FLAVI+F+G4    5115.116     27  10284.232    10286.326    10408.974
WARNING: Normalizing state frequencies so that sum of them equals to 1
994  FLAVI+F+I+G4  5116.413     28  10288.826    10291.078    10418.188
WARNING: Normalizing state frequencies so that sum of them equals to 1
995  FLAVI+F+R2    5118.275     28  10292.550    10294.803    10421.912
1015  HIVb+G4       5143.514     8   10303.028    10303.223    10339.989
1016  HIVb+I+G4     5144.843     9   10307.686    10307.930    10349.267
1017  HIVb+R2       5144.864     9   10307.728    10307.971    10349.309
1037  HIVb+F+G4     5073.474     27  10200.947    10203.041    10325.689
1038  HIVb+F+I+G4   5074.767     28  10205.534    10207.786    10334.896
1039  HIVb+F+R2     5074.719     28  10205.439    10207.691    10334.801
1059  HIVw+G4       5326.308     8   10668.616    10668.811    10705.577
1060  HIVw+I+G4     5327.625     9   10673.251    10673.494    10714.831
1061  HIVw+R2       5327.967     9   10673.934    10674.177    10715.514
1081  HIVw+F+G4     5156.268     27  10366.537    10368.631    10491.279
1082  HIVw+F+I+G4   5157.725     28  10371.449    10373.702    10500.811
1083  HIVw+F+R2     5156.241     28  10368.482    10370.735    10497.844
1103  FLU+G4        5164.731     8   10345.461    10345.656    10382.422
1104  FLU+I+G4      5166.143     9   10350.285    10350.529    10391.866
1105  FLU+R2        5165.369     9   10348.739    10348.982    10390.320
1125  FLU+F+G4      5085.793     27  10225.585    10227.679    10350.327
1126  FLU+F+I+G4    5087.158     28  10230.316    10232.569    10359.678
1127  FLU+F+R2      5085.747     28  10227.493    10229.746    10356.855
1147  rtREV+G4      5134.751     8   10285.501    10285.695    10322.462
1148  rtREV+I+G4    5136.151     9   10290.303    10290.546    10331.884
1149  rtREV+R2      5134.286     9   10286.572    10286.816    10328.153
1169  rtREV+F+G4    5059.526     27  10173.053    10175.147    10297.794
1170  rtREV+F+I+G4  5060.906     28  10177.812    10180.064    10307.174
1171  rtREV+F+R2    5058.525     28  10173.050    10175.303    10302.412
1191  cpREV+G4      5096.215     8   10208.431    10208.625    10245.392
1192  cpREV+I+G4    5097.650     9   10213.300    10213.543    10254.880
1193  cpREV+R2      5095.656     9   10209.312    10209.555    10250.893
1213  cpREV+F+G4    5064.205     27  10182.410    10184.504    10307.152
1214  cpREV+F+I+G4  5065.590     28  10187.180    10189.432    10316.542
1215  cpREV+F+R2    5063.194     28  10182.388    10184.641    10311.750
Akaike Information Criterion:           Q.plant+G4
Corrected Akaike Information Criterion: Q.plant+G4
Bayesian Information Criterion:         Q.plant+G4
Best-fit model: Q.plant+G4 chosen according to BIC

All model information printed to muscle-I20240625-183427-0179-90621313-p1m.aln-fasta.model.gz
CPU time for ModelFinder: 45.922 seconds (0h:0m:45s)
Wall-clock time for ModelFinder: 51.646 seconds (0h:0m:51s)
Generating 1000 samples for ultrafast bootstrap (seed: 918512)...
WARNING: Normalizing state frequencies so that sum of them equals to 1

NOTE: 3 MB RAM (0 GB) is required!
Estimate model parameters (epsilon = 0.100)
1. Initial log-likelihood: -5042.108
Optimal log-likelihood: -5042.100
Gamma shape alpha: 1.244
Parameters optimization took 1 rounds (0.048 sec)
Wrote distance file to... 
Computing ML distances based on estimated model parameters...
Calculating distance matrix: done in 0.0044006 secs
Computing ML distances took 0.030432 sec (of wall-clock time) 0.000000 sec (of CPU time)
Setting up auxiliary I and S matrices: done in 0.0003276 secs
Constructing RapidNJ tree: done in 0.000321 secs
Computing RapidNJ tree took 0.013672 sec (of wall-clock time) 0.000000 sec (of CPU time)
Log-likelihood of RapidNJ tree: -5046.103
--------------------------------------------------------------------
|             INITIALIZING CANDIDATE TREE SET                      |
--------------------------------------------------------------------
Generating 98 parsimony trees... 0.068 second
Computing log-likelihood of 5 initial trees ... 0.053 seconds
Current best score: -5042.100

Do NNI search on 7 best initial trees
Optimizing NNI: done in 0.0314216 secs using 99.45% CPU
Optimizing NNI: done in 0.0690907 secs using 90.46% CPU
Optimizing NNI: done in 0.0670591 secs using 46.6% CPU
Optimizing NNI: done in 0.101181 secs using 108.1% CPU
Optimizing NNI: done in 0.101466 secs using 92.4% CPU
Optimizing NNI: done in 0.112192 secs using 97.49% CPU
Optimizing NNI: done in 0.312285 secs using 45.03% CPU
UPDATE BEST LOG-LIKELIHOOD: -5042.096
Finish initializing candidate tree set (7)
Current best tree score: -5042.096 / CPU time: 1.079
Number of iterations: 7
--------------------------------------------------------------------
|               OPTIMIZING CANDIDATE TREE SET                      |
--------------------------------------------------------------------
Optimizing NNI: done in 0.0727892 secs using 107.3% CPU
Optimizing NNI: done in 0.159339 secs using 68.64% CPU
Optimizing NNI: done in 0.0642038 secs using 97.35% CPU
Iteration 10 / LogL: -5042.099 / Time: 0h:0m:2s
Optimizing NNI: done in 0.103018 secs using 91% CPU
Optimizing NNI: done in 0.0668296 secs using 70.14% CPU
Estimate model parameters (epsilon = 0.100)
UPDATE BEST LOG-LIKELIHOOD: -5042.035
Optimizing NNI: done in 0.0669624 secs using 93.34% CPU
UPDATE BEST LOG-LIKELIHOOD: -5042.034
Optimizing NNI: done in 0.141942 secs using 88.06% CPU
Optimizing NNI: done in 0.0657211 secs using 118.9% CPU
Optimizing NNI: done in 0.137623 secs using 79.47% CPU
Optimizing NNI: done in 0.102722 secs using 91.27% CPU
Optimizing NNI: done in 0.0657133 secs using 71.33% CPU
Optimizing NNI: done in 0.0647644 secs using 96.5% CPU
Optimizing NNI: done in 0.10128 secs using 92.57% CPU
Iteration 20 / LogL: -5043.269 / Time: 0h:0m:3s
Optimizing NNI: done in 0.064103 secs using 97.5% CPU
Optimizing NNI: done in 0.0653075 secs using 95.7% CPU
Optimizing NNI: done in 0.0649802 secs using 48.09% CPU
Optimizing NNI: done in 0.114871 secs using 68.01% CPU
UPDATE BEST LOG-LIKELIHOOD: -5042.033
Optimizing NNI: done in 0.0651093 secs using 95.99% CPU
Optimizing NNI: done in 0.10536 secs using 103.8% CPU
Optimizing NNI: done in 0.066273 secs using 94.31% CPU
Optimizing NNI: done in 0.06466 secs using 72.49% CPU
Optimizing NNI: done in 0.105683 secs using 103.5% CPU
Optimizing NNI: done in 0.0644402 secs
Iteration 30 / LogL: -5042.102 / Time: 0h:0m:4s (0h:0m:10s left)
Optimizing NNI: done in 0.0628873 secs using 99.38% CPU
UPDATE BEST LOG-LIKELIHOOD: -5042.033
Optimizing NNI: done in 0.0685234 secs using 91.21% CPU
Optimizing NNI: done in 0.106198 secs using 88.28% CPU
Optimizing NNI: done in 0.105154 secs using 104% CPU
Optimizing NNI: done in 0.0641434 secs using 73.08% CPU
Optimizing NNI: done in 0.0682771 secs using 114.4% CPU
Optimizing NNI: done in 0.0653895 secs using 95.58% CPU
Optimizing NNI: done in 0.0648084 secs using 72.33% CPU
Optimizing NNI: done in 0.100889 secs using 108.4% CPU
Optimizing NNI: done in 0.0653396 secs using 95.65% CPU
Iteration 40 / LogL: -5042.201 / Time: 0h:0m:5s (0h:0m:7s left)
Optimizing NNI: done in 0.139825 secs using 100.6% CPU
Optimizing NNI: done in 0.101487 secs using 92.38% CPU
Optimizing NNI: done in 0.101771 secs using 92.12% CPU
Optimizing NNI: done in 0.0645026 secs using 96.9% CPU
UPDATE BEST LOG-LIKELIHOOD: -5042.033
Optimizing NNI: done in 0.0656796 secs using 71.37% CPU
Optimizing NNI: done in 0.101362 secs using 107.9% CPU
Optimizing NNI: done in 0.136867 secs using 68.5% CPU
Optimizing NNI: done in 0.0667008 secs using 93.7% CPU
Optimizing NNI: done in 0.101536 secs using 92.33% CPU
Optimizing NNI: done in 0.0660147 secs using 94.68% CPU
UPDATE BEST LOG-LIKELIHOOD: -5042.033
Iteration 50 / LogL: -5042.033 / Time: 0h:0m:6s (0h:0m:6s left)
Log-likelihood cutoff on original alignment: -5053.533
Optimizing NNI: done in 0.101188 secs using 77.21% CPU
Optimizing NNI: done in 0.0679323 secs using 92% CPU
Optimizing NNI: done in 0.103986 secs using 75.13% CPU
Optimizing NNI: done in 0.0679357 secs using 92% CPU
Optimizing NNI: done in 0.101178 secs using 108.1% CPU
Optimizing NNI: done in 0.10006 secs using 62.46% CPU
Optimizing NNI: done in 0.0666789 secs using 93.73% CPU
Optimizing NNI: done in 0.0656259 secs using 95.24% CPU
UPDATE BEST LOG-LIKELIHOOD: -5042.033
Optimizing NNI: done in 0.100818 secs using 92.99% CPU
Optimizing NNI: done in 0.0692467 secs using 112.8% CPU
Iteration 60 / LogL: -5042.902 / Time: 0h:0m:7s (0h:0m:5s left)
Optimizing NNI: done in 0.0644257 secs using 72.76% CPU
Optimizing NNI: done in 0.0995376 secs using 109.9% CPU
Optimizing NNI: done in 0.0641397 secs using 97.44% CPU
UPDATE BEST LOG-LIKELIHOOD: -5042.033
Optimizing NNI: done in 0.105143 secs using 104% CPU
Optimizing NNI: done in 0.0679573 secs using 115% CPU
Optimizing NNI: done in 0.0645706 secs using 96.79% CPU
Optimizing NNI: done in 0.0640861 secs using 121.9% CPU
Optimizing NNI: done in 0.100367 secs using 93.41% CPU
Optimizing NNI: done in 0.0732343 secs using 106.7% CPU
UPDATE BEST LOG-LIKELIHOOD: -5042.033
Optimizing NNI: done in 0.0669188 secs using 93.4% CPU
Iteration 70 / LogL: -5042.318 / Time: 0h:0m:8s (0h:0m:3s left)
Optimizing NNI: done in 0.138771 secs using 78.82% CPU
Optimizing NNI: done in 0.095168 secs using 82.09% CPU
Optimizing NNI: done in 0.148059 secs using 84.43% CPU
Optimizing NNI: done in 0.1401 secs using 89.22% CPU
Optimizing NNI: done in 0.109242 secs using 100.1% CPU
Optimizing NNI: done in 0.0690512 secs using 90.51% CPU
Optimizing NNI: done in 0.0753147 secs using 82.99% CPU
Optimizing NNI: done in 0.114333 secs using 82% CPU
Optimizing NNI: done in 0.070519 secs using 88.63% CPU
UPDATE BEST LOG-LIKELIHOOD: -5042.033
Optimizing NNI: done in 0.101866 secs using 107.4% CPU
Iteration 80 / LogL: -5042.207 / Time: 0h:0m:9s (0h:0m:2s left)
Optimizing NNI: done in 0.0681129 secs using 91.76% CPU
Optimizing NNI: done in 0.0653575 secs using 95.63% CPU
Optimizing NNI: done in 0.1349 secs using 81.08% CPU
Optimizing NNI: done in 0.0666495 secs using 93.77% CPU
Optimizing NNI: done in 0.0630133 secs using 99.19% CPU
Optimizing NNI: done in 0.103133 secs using 60.6% CPU
Optimizing NNI: done in 0.0662701 secs using 94.31% CPU
Optimizing NNI: done in 0.0666979 secs using 93.71% CPU
Optimizing NNI: done in 0.0686557 secs using 91.03% CPU
Optimizing NNI: done in 0.102718 secs using 91.27% CPU
Iteration 90 / LogL: -5042.117 / Time: 0h:0m:10s (0h:0m:1s left)
Optimizing NNI: done in 0.065625 secs using 95.24% CPU
UPDATE BEST LOG-LIKELIHOOD: -5042.033
Optimizing NNI: done in 0.065364 secs using 95.62% CPU
UPDATE BEST LOG-LIKELIHOOD: -5042.033
Optimizing NNI: done in 0.0654362 secs using 71.63% CPU
Optimizing NNI: done in 0.0638852 secs using 97.83% CPU
UPDATE BEST LOG-LIKELIHOOD: -5042.033
Optimizing NNI: done in 0.0652763 secs using 95.75% CPU
Optimizing NNI: done in 0.101226 secs using 108.1% CPU
Optimizing NNI: done in 0.138603 secs using 101.5% CPU
Optimizing NNI: done in 0.101009 secs using 77.34% CPU
Optimizing NNI: done in 0.106411 secs using 88.1% CPU
Optimizing NNI: done in 0.100357 secs using 77.85% CPU
Iteration 100 / LogL: -5042.211 / Time: 0h:0m:11s (0h:0m:0s left)
Log-likelihood cutoff on original alignment: -5053.533
NOTE: Bootstrap correlation coefficient of split occurrence frequencies: 1.000
Optimizing NNI: done in 0.0711974 secs using 87.78% CPU
TREE SEARCH COMPLETED AFTER 101 ITERATIONS / Time: 0h:0m:11s

--------------------------------------------------------------------
|                    FINALIZING TREE SEARCH                        |
--------------------------------------------------------------------
Performs final model parameters optimization
Estimate model parameters (epsilon = 0.010)
1. Initial log-likelihood: -5042.033
Optimal log-likelihood: -5042.032
Gamma shape alpha: 1.214
Parameters optimization took 1 rounds (0.041 sec)
BEST SCORE FOUND : -5042.032
Creating bootstrap support values...
Split supports printed to NEXUS file muscle-I20240625-183427-0179-90621313-p1m.aln-fasta.splits.nex
Total tree length: 2.767

Total number of iterations: 101
CPU time used for tree search: 9.328 sec (0h:0m:9s)
Wall-clock time used for tree search: 11.619 sec (0h:0m:11s)
Total CPU time used: 9.625 sec (0h:0m:9s)
Total wall-clock time used: 12.150 sec (0h:0m:12s)

Computing bootstrap consensus tree...
Reading input file muscle-I20240625-183427-0179-90621313-p1m.aln-fasta.splits.nex...
5 taxa and 14 splits.
Consensus tree written to muscle-I20240625-183427-0179-90621313-p1m.aln-fasta.contree
Reading input trees file muscle-I20240625-183427-0179-90621313-p1m.aln-fasta.contree
Log-likelihood of consensus tree: -5042.033

Analysis results written to: 
  IQ-TREE report:                muscle-I20240625-183427-0179-90621313-p1m.aln-fasta.iqtree
  Maximum-likelihood tree:       muscle-I20240625-183427-0179-90621313-p1m.aln-fasta.treefile
  Likelihood distances:          muscle-I20240625-183427-0179-90621313-p1m.aln-fasta.mldist

Ultrafast bootstrap approximation results written to:
  Split support values:          muscle-I20240625-183427-0179-90621313-p1m.aln-fasta.splits.nex
  Consensus tree:                muscle-I20240625-183427-0179-90621313-p1m.aln-fasta.contree
  Screen log file:               muscle-I20240625-183427-0179-90621313-p1m.aln-fasta.log

Date and Time: Tue Jun 25 12:37:17 2024
